INFO 2025-11-08 13:51:36,513 autoreload 6140 15388 Watching for file changes with StatReloader
INFO 2025-11-08 13:59:43,771 autoreload 4524 1120 Watching for file changes with StatReloader
ERROR 2025-11-08 13:59:50,476 log 4524 13804 Internal Server Error: /
Traceback (most recent call last):
  File "C:\Users\peace\Linda-Mama-Pregrancy-App\venv\Lib\site-packages\django\core\handlers\exception.py", line 55, in inner
    response = get_response(request)
  File "C:\Users\peace\Linda-Mama-Pregrancy-App\venv\Lib\site-packages\django\core\handlers\base.py", line 220, in _get_response
    response = response.render()
  File "C:\Users\peace\Linda-Mama-Pregrancy-App\venv\Lib\site-packages\django\template\response.py", line 114, in render
    self.content = self.rendered_content
                   ^^^^^^^^^^^^^^^^^^^^^
  File "C:\Users\peace\Linda-Mama-Pregrancy-App\venv\Lib\site-packages\django\template\response.py", line 90, in rendered_content
    template = self.resolve_template(self.template_name)
  File "C:\Users\peace\Linda-Mama-Pregrancy-App\venv\Lib\site-packages\django\template\response.py", line 72, in resolve_template
    return select_template(template, using=self.using)
  File "C:\Users\peace\Linda-Mama-Pregrancy-App\venv\Lib\site-packages\django\template\loader.py", line 47, in select_template
    raise TemplateDoesNotExist(", ".join(template_name_list), chain=chain)
django.template.exceptions.TemplateDoesNotExist: home.html
ERROR 2025-11-08 13:59:50,501 basehttp 4524 13804 "GET / HTTP/1.1" 500 87824
WARNING 2025-11-08 13:59:51,339 log 4524 13804 Not Found: /favicon.ico
WARNING 2025-11-08 13:59:51,339 basehttp 4524 13804 "GET /favicon.ico HTTP/1.1" 404 2528
INFO 2025-11-08 14:13:04,796 autoreload 18656 6156 Watching for file changes with StatReloader
ERROR 2025-11-08 14:13:10,186 log 18656 20728 Internal Server Error: /
Traceback (most recent call last):
  File "C:\Users\peace\Linda-Mama-Pregrancy-App\venv\Lib\site-packages\django\core\handlers\exception.py", line 55, in inner
    response = get_response(request)
  File "C:\Users\peace\Linda-Mama-Pregrancy-App\venv\Lib\site-packages\django\core\handlers\base.py", line 220, in _get_response
    response = response.render()
  File "C:\Users\peace\Linda-Mama-Pregrancy-App\venv\Lib\site-packages\django\template\response.py", line 114, in render
    self.content = self.rendered_content
                   ^^^^^^^^^^^^^^^^^^^^^
  File "C:\Users\peace\Linda-Mama-Pregrancy-App\venv\Lib\site-packages\django\template\response.py", line 90, in rendered_content
    template = self.resolve_template(self.template_name)
  File "C:\Users\peace\Linda-Mama-Pregrancy-App\venv\Lib\site-packages\django\template\response.py", line 72, in resolve_template
    return select_template(template, using=self.using)
  File "C:\Users\peace\Linda-Mama-Pregrancy-App\venv\Lib\site-packages\django\template\loader.py", line 47, in select_template
    raise TemplateDoesNotExist(", ".join(template_name_list), chain=chain)
django.template.exceptions.TemplateDoesNotExist: home.html
ERROR 2025-11-08 14:13:10,204 basehttp 18656 20728 "GET / HTTP/1.1" 500 87824
INFO 2025-11-08 14:18:46,317 autoreload 6992 2916 Watching for file changes with StatReloader
ERROR 2025-11-08 14:18:49,926 log 6992 21184 Internal Server Error: /
Traceback (most recent call last):
  File "C:\Users\peace\Linda-Mama-Pregrancy-App\venv\Lib\site-packages\django\core\handlers\exception.py", line 55, in inner
    response = get_response(request)
  File "C:\Users\peace\Linda-Mama-Pregrancy-App\venv\Lib\site-packages\django\core\handlers\base.py", line 220, in _get_response
    response = response.render()
  File "C:\Users\peace\Linda-Mama-Pregrancy-App\venv\Lib\site-packages\django\template\response.py", line 114, in render
    self.content = self.rendered_content
                   ^^^^^^^^^^^^^^^^^^^^^
  File "C:\Users\peace\Linda-Mama-Pregrancy-App\venv\Lib\site-packages\django\template\response.py", line 90, in rendered_content
    template = self.resolve_template(self.template_name)
  File "C:\Users\peace\Linda-Mama-Pregrancy-App\venv\Lib\site-packages\django\template\response.py", line 72, in resolve_template
    return select_template(template, using=self.using)
  File "C:\Users\peace\Linda-Mama-Pregrancy-App\venv\Lib\site-packages\django\template\loader.py", line 47, in select_template
    raise TemplateDoesNotExist(", ".join(template_name_list), chain=chain)
django.template.exceptions.TemplateDoesNotExist: home.html
ERROR 2025-11-08 14:18:49,934 basehttp 6992 21184 "GET / HTTP/1.1" 500 87824
INFO 2025-11-08 14:40:28,930 autoreload 11972 8972 Watching for file changes with StatReloader
ERROR 2025-11-08 14:40:32,442 log 11972 18584 Internal Server Error: /
Traceback (most recent call last):
  File "C:\Users\peace\Linda-Mama-Pregrancy-App\venv\Lib\site-packages\django\core\handlers\exception.py", line 55, in inner
    response = get_response(request)
  File "C:\Users\peace\Linda-Mama-Pregrancy-App\venv\Lib\site-packages\django\core\handlers\base.py", line 220, in _get_response
    response = response.render()
  File "C:\Users\peace\Linda-Mama-Pregrancy-App\venv\Lib\site-packages\django\template\response.py", line 114, in render
    self.content = self.rendered_content
                   ^^^^^^^^^^^^^^^^^^^^^
  File "C:\Users\peace\Linda-Mama-Pregrancy-App\venv\Lib\site-packages\django\template\response.py", line 92, in rendered_content
    return template.render(context, self._request)
           ~~~~~~~~~~~~~~~^^^^^^^^^^^^^^^^^^^^^^^^
  File "C:\Users\peace\Linda-Mama-Pregrancy-App\venv\Lib\site-packages\django\template\backends\django.py", line 107, in render
    return self.template.render(context)
           ~~~~~~~~~~~~~~~~~~~~^^^^^^^^^
  File "C:\Users\peace\Linda-Mama-Pregrancy-App\venv\Lib\site-packages\django\template\base.py", line 169, in render
    with context.bind_template(self):
         ~~~~~~~~~~~~~~~~~~~~~^^^^^^
  File "C:\Users\peace\AppData\Local\Programs\Python\Python313\Lib\contextlib.py", line 141, in __enter__
    return next(self.gen)
  File "C:\Users\peace\Linda-Mama-Pregrancy-App\venv\Lib\site-packages\django\template\context.py", line 256, in bind_template
    processors = template.engine.template_context_processors + self._processors
                 ^^^^^^^^^^^^^^^^^^^^^^^^^^^^^^^^^^^^^^^^^^^
  File "C:\Users\peace\Linda-Mama-Pregrancy-App\venv\Lib\site-packages\django\utils\functional.py", line 47, in __get__
    res = instance.__dict__[self.name] = self.func(instance)
                                         ~~~~~~~~~^^^^^^^^^^
  File "C:\Users\peace\Linda-Mama-Pregrancy-App\venv\Lib\site-packages\django\template\engine.py", line 118, in template_context_processors
    return tuple(import_string(path) for path in context_processors)
  File "C:\Users\peace\Linda-Mama-Pregrancy-App\venv\Lib\site-packages\django\template\engine.py", line 118, in <genexpr>
    return tuple(import_string(path) for path in context_processors)
                 ~~~~~~~~~~~~~^^^^^^
  File "C:\Users\peace\Linda-Mama-Pregrancy-App\venv\Lib\site-packages\django\utils\module_loading.py", line 30, in import_string
    return cached_import(module_path, class_name)
  File "C:\Users\peace\Linda-Mama-Pregrancy-App\venv\Lib\site-packages\django\utils\module_loading.py", line 15, in cached_import
    module = import_module(module_path)
  File "C:\Users\peace\AppData\Local\Programs\Python\Python313\Lib\importlib\__init__.py", line 88, in import_module
    return _bootstrap._gcd_import(name[level:], package, level)
           ~~~~~~~~~~~~~~~~~~~~~~^^^^^^^^^^^^^^^^^^^^^^^^^^^^^^
  File "<frozen importlib._bootstrap>", line 1387, in _gcd_import
  File "<frozen importlib._bootstrap>", line 1360, in _find_and_load
  File "<frozen importlib._bootstrap>", line 1324, in _find_and_load_unlocked
ModuleNotFoundError: No module named 'pregnancy.context_processors'
ERROR 2025-11-08 14:40:32,505 basehttp 11972 18584 "GET / HTTP/1.1" 500 127872
INFO 2025-11-08 17:12:34,004 autoreload 7960 1616 Watching for file changes with StatReloader
INFO 2025-11-08 17:12:41,835 basehttp 7960 13120 "GET / HTTP/1.1" 200 11195
INFO 2025-11-08 17:12:42,352 basehttp 7960 10960 "GET /static/js/auth.js HTTP/1.1" 200 4462
INFO 2025-11-08 17:12:42,482 basehttp 7960 3984 "GET /static/js/navigation.js HTTP/1.1" 200 1689
INFO 2025-11-08 17:12:42,621 basehttp 7960 13120 "GET /static/js/utils.js HTTP/1.1" 200 5011
INFO 2025-11-08 17:12:42,641 basehttp 7960 14408 "GET /static/js/actions.js HTTP/1.1" 200 6440
INFO 2025-11-08 17:12:42,654 basehttp 7960 9348 "GET /static/js/dashboard.js HTTP/1.1" 200 5579
INFO 2025-11-08 17:12:42,670 basehttp 7960 7428 "GET /static/js/main.js HTTP/1.1" 200 4036
WARNING 2025-11-08 17:12:42,739 log 7960 7428 Not Found: /api/auth/status/
WARNING 2025-11-08 17:12:42,743 basehttp 7960 7428 "GET /api/auth/status/ HTTP/1.1" 404 2543
WARNING 2025-11-08 17:12:42,776 log 7960 7428 Not Found: /sw.js
WARNING 2025-11-08 17:12:42,777 basehttp 7960 7428 "GET /sw.js HTTP/1.1" 404 2510
WARNING 2025-11-08 17:12:49,255 log 7960 1288 Not Found: /login/
WARNING 2025-11-08 17:12:49,260 basehttp 7960 1288 "GET /login/ HTTP/1.1" 404 2513
WARNING 2025-11-08 17:12:53,067 log 7960 1288 Not Found: /sw.js
WARNING 2025-11-08 17:12:53,068 basehttp 7960 1288 "GET /sw.js HTTP/1.1" 404 2510
WARNING 2025-11-08 17:12:54,491 log 7960 1288 Not Found: /signup/
WARNING 2025-11-08 17:12:54,493 basehttp 7960 1288 "GET /signup/ HTTP/1.1" 404 2516
WARNING 2025-11-08 17:12:59,426 log 7960 19804 Not Found: /sw.js
WARNING 2025-11-08 17:12:59,433 basehttp 7960 19804 "GET /sw.js HTTP/1.1" 404 2510
WARNING 2025-11-08 17:13:08,405 log 7960 13468 Not Found: /signup/
WARNING 2025-11-08 17:13:08,412 basehttp 7960 13468 "GET /signup/ HTTP/1.1" 404 2516
WARNING 2025-11-08 17:13:11,192 log 7960 13468 Not Found: /sw.js
WARNING 2025-11-08 17:13:11,194 basehttp 7960 13468 "GET /sw.js HTTP/1.1" 404 2510
WARNING 2025-11-08 17:13:16,078 log 7960 16388 Not Found: /signup/
WARNING 2025-11-08 17:13:16,079 basehttp 7960 16388 "GET /signup/ HTTP/1.1" 404 2516
WARNING 2025-11-08 17:14:21,895 log 7960 21492 Not Found: /sw.js
WARNING 2025-11-08 17:14:21,897 basehttp 7960 21492 "GET /sw.js HTTP/1.1" 404 2510
WARNING 2025-11-08 17:14:25,014 log 7960 21492 Not Found: /login/
WARNING 2025-11-08 17:14:25,015 basehttp 7960 21492 "GET /login/ HTTP/1.1" 404 2513
WARNING 2025-11-08 17:17:43,815 log 7960 12024 Not Found: /sw.js
WARNING 2025-11-08 17:17:43,818 basehttp 7960 12024 "GET /sw.js HTTP/1.1" 404 2510
